Hello World
Hello W
Hello Wo
Hello World
Hello Wor
Hello Wor
Hello World
Hello W
Hello Wo
Hello World
Hello Wor
Hello Wor
Hello World
Hello W
Hello Wo
Hello World
Hello Wor
Hello Wor
Hello World
Hello W
Hello Wo
Hello World
Hello Wor
Hello Wor
Hello World
Hello W
Hello Wo
Hello World
Hello Wor
Hello Wor
Hello World
Hello World

Hello World
Hello World
Hello W
Hello Wo
Hello World
Hello Wor
Hello Wor
Hello World
Hello World

Hello World
Hello World
Hello W
Hello Wo
Hello World
Hello Wor
Hello Wor
Hello World
Hello World

Hello World
aaaa
Hello World
Hello World
Hello W
Hello Wo
Hello World
Hello Wor
Hello Wor
Hello World
Hello World

Hello World
aaaa
Hello World
Hello World
aaaa
aaaa
aaaa
Hello World
Hello W
Hello Wo
Hello World
Hello Wor
Hello Wor
Hello World
Hello World

Hello World
aaaa
Hello World
Hello World
aaaa
aaaa
aaaa
aaaaqqqq
aaaaqqqq
aaaaqqqqqwer
Hello World
Hello W
Hello Wo
Hello World
Hello Wor
Hello Wor
Hello World
Hello World

Hello World
aaaa
Hello World
Hello World
aaaa
aaaa
aaaa
aaaaqqqq
aaaaqqqq
aaaaqqqqqwer
Hello World
aa
Hello World
Hello W
Hello Wo
Hello World
Hello Wor
Hello Wor
Hello World
Hello World

Hello World
aaaa
Hello World
Hello World
aaaa
aaaa
aaaa
aaaaqqqq
aaaaqqqq
aaaaqqqqqwer
Hello World
aa
aaqwe
Hello World
Hello World
Hello W
Hello Wo
Hello World
Hello Wor
Hello Wor
Hello World
Hello World

Hello World
aaaa
Hello World
Hello World
aaaa
aaaa
aaaa
aaaaqqqq
aaaaqqqq
aaaaqqqqqwer
Hello World
aa
aaqwe
Hello World
Hello World
Hello W
Hello Wo
Hello World
Hello Wor
Hello Wor
Hello World
Hello World

Hello World
aaaa
Hello World
Hello World
aaaa
aaaa
aaaa
aaaaqqqq
aaaaqqqq
aaaaqqqqqwer
Hello World
aa
aaqwe
Hello World
Hello World
Hello W
Hello Wo
Hello World
Hello Wor
Hello Wor
Hello World
Hello World

Hello World
aaaa
Hello World
Hello World
aaaa
aaaa
aaaa
aaaaqqqq
aaaaqqqq
aaaaqqqqqwer
Hello World
aa
aaqwe
Hello World
Hello World
Hello W
Hello Wo
Hello World
Hello Wor
Hello Wor
Hello World
Hello World

Hello World
aaaa
Hello World
Hello World
aaaa
aaaa
aaaa
aaaaqqqq
aaaaqqqq
aaaaqqqqqwer
Hello World
aa
aaqwe
Hello World
Hello World
aaqwe
Hello World
Hello W
Hello Wo
Hello World
Hello Wor
Hello Wor
Hello World
Hello World

Hello World
aaaa
Hello World
Hello World
aaaa
aaaa
aaaa
aaaaqqqq
aaaaqqqq
aaaaqqqqqwer
Hello World
aa
aaqwe
Hello World
Hello World
aaqwe
Hello World
Hello W
Hello Wo
Hello World
Hello Wor
Hello Wor
Hello World
Hello World

Hello World
aaaa
Hello World
Hello World
aaaa
aaaa
aaaa
aaaaqqqq
aaaaqqqq
aaaaqqqqqwer
Hello World
aa
aaqwe
Hello World
Hello World
aaqwe
Hello World
aaqwewertt
Hello World
Hello W
Hello Wo
Hello World
Hello Wor
Hello Wor
Hello World
Hello World

Hello World
aaaa
Hello World
Hello World
aaaa
aaaa
aaaa
aaaaqqqq
aaaaqqqq
aaaaqqqqqwer
Hello World
aa
aaqwe
Hello World
Hello World
aaqwe
Hello World
aaqwewertt
Hello World
Hello W
Hello Wo
Hello World
Hello Wor
Hello Wor
Hello World
Hello World

Hello World
aaaa
Hello World
Hello World
aaaa
aaaa
aaaa
aaaaqqqq
aaaaqqqq
aaaaqqqqqwer
Hello World
aa
aaqwe
Hello World
Hello World
aaqwe
Hello World
aaqwewertt
Hello World
Hello W
Hello Wo
Hello World
Hello Wor
Hello Wor
Hello World
Hello World

Hello World
aaaa
Hello World
Hello World
aaaa
aaaa
aaaa
aaaaqqqq
aaaaqqqq
aaaaqqqqqwer
Hello World
aa
aaqwe
Hello World
Hello World
aaqwe
Hello World
aaqwewertt
Hello World
Hello W
Hello Wo
Hello World
Hello Wor
Hello Wor
Hello World
Hello World

Hello World
aaaa
Hello World
Hello World
aaaa
aaaa
aaaa
aaaaqqqq
aaaaqqqq
aaaaqqqqqwer
Hello World
aa
aaqwe
Hello World
Hello World
aaqwe
Hello World
aaqwewertt
Hello World
Hello W
Hello Wo
Hello World
Hello Wor
Hello Wor
Hello World
Hello World

Hello World
aaaa
Hello World
Hello World
aaaa
aaaa
aaaa
aaaaqqqq
aaaaqqqq
aaaaqqqqqwer
Hello World
aa
aaqwe
Hello World
Hello World
aaqwe
Hello World
aaqwewertt
Hello World
Hello W
Hello Wo
Hello World
Hello Wor
Hello Wor
Hello World
Hello World

Hello World
aaaa
Hello World
Hello World
aaaa
aaaa
aaaa
aaaaqqqq
aaaaqqqq
aaaaqqqqqwer
Hello World
aa
aaqwe
Hello World
Hello World
aaqwe
Hello World
aaqwewertt
Hello World
Hello W
Hello Wo
Hello World
Hello Wor
Hello Wor
Hello World
Hello World

Hello World
aaaa
Hello World
Hello World
aaaa
aaaa
aaaa
aaaaqqqq
aaaaqqqq
aaaaqqqqqwer
Hello World
aa
aaqwe
Hello World
Hello World
aaqwe
Hello World
aaqwewertt
