{"data":"Hello World","hash":"a591a6d40bf420404a011733cfb7b190d62c65bf0bcda32b57b277d9ad9f146e","timestamp":"2024-01-05T06:35:57.681Z"}
{"data":"Hello World","hash":"a591a6d40bf420404a011733cfb7b190d62c65bf0bcda32b57b277d9ad9f146e","timestamp":"2024-01-05T06:36:11.116Z"}
{"data":"Hello World","hash":"a591a6d40bf420404a011733cfb7b190d62c65bf0bcda32b57b277d9ad9f146e","timestamp":"2024-01-05T06:48:24.171Z"}
{"data":"Hello World","hash":"a591a6d40bf420404a011733cfb7b190d62c65bf0bcda32b57b277d9ad9f146e","timestamp":"2024-01-05T06:48:25.993Z"}
{"data":"Hello World","hash":"a591a6d40bf420404a011733cfb7b190d62c65bf0bcda32b57b277d9ad9f146e","timestamp":"2024-01-05T06:50:11.726Z"}
{"data":"Hello World","hash":"2ec5a3f0c2fc3e6dcee0f6f3a5735a6c69d2056579a5452095b75802094043a8","timestamp":"2024-01-05T06:50:16.442Z"}
{"data":"Hello World","hash":"2ec5a3f0c2fc3e6dcee0f6f3a5735a6c69d2056579a5452095b75802094043a8","timestamp":"2024-01-05T06:56:39.270Z"}
{"data":"Hello ","hash":"2ec5a3f0c2fc3e6dcee0f6f3a5735a6c69d2056579a5452095b75802094043a8","timestamp":"2024-01-05T06:56:40.771Z"}
{"data":"Hello World","hash":"2ec5a3f0c2fc3e6dcee0f6f3a5735a6c69d2056579a5452095b75802094043a8","timestamp":"2024-01-05T06:59:41.617Z"}
{"data":"Hello ","hash":"2ec5a3f0c2fc3e6dcee0f6f3a5735a6c69d2056579a5452095b75802094043a8","timestamp":"2024-01-05T06:59:43.078Z"}
{"data":"Hello ","hash":"a91d976d82a68cb6e41bae95673492785006da363c188a99b894e8475a0d1aaa","timestamp":"2024-01-05T06:59:46.724Z"}
{"data":"Hello World","hash":"a91d976d82a68cb6e41bae95673492785006da363c188a99b894e8475a0d1aaa","timestamp":"2024-01-05T07:16:27.475Z"}
{"data":"Hello W","hash":"ec5e8abce216599196d1ae5179fbce85307c6db4c75d450916eba179e6937473","timestamp":"2024-01-05T07:16:30.306Z"}
{"data":"Hello Wo","hash":"3d0883898481e93521c583ccd0075e5436e8621c6660ffdfd85c92663b02638d","timestamp":"2024-01-05T07:16:33.637Z"}
{"data":"Hello World","hash":"3d0883898481e93521c583ccd0075e5436e8621c6660ffdfd85c92663b02638d","timestamp":"2024-01-05T07:17:16.846Z"}
{"data":"Hello Wor","hash":"3d0883898481e93521c583ccd0075e5436e8621c6660ffdfd85c92663b02638d","timestamp":"2024-01-05T07:17:18.344Z"}
{"data":"Hello Wor","hash":"a591a6d40bf420404a011733cfb7b190d62c65bf0bcda32b57b277d9ad9f146e","timestamp":"2024-01-05T07:17:22.100Z"}
{"data":"Hello World","hash":"a591a6d40bf420404a011733cfb7b190d62c65bf0bcda32b57b277d9ad9f146e","timestamp":"2024-01-05T07:49:01.080Z"}
{"data":"Hello World","hash":"e3b0c44298fc1c149afbf4c8996fb92427ae41e4649b934ca495991b7852b855","timestamp":"2024-01-05T07:49:07.325Z"}
{"data":"","hash":"61be55a8e2f6b4e172338bddf184d6dbee29c98853e0a0485ecee7f27b9af0b4","timestamp":"2024-01-05T07:49:15.400Z"}
{"data":"Hello World","hash":"61be55a8e2f6b4e172338bddf184d6dbee29c98853e0a0485ecee7f27b9af0b4","timestamp":"2024-01-05T08:09:16.421Z"}
{"data":"aaaa","hash":"61be55a8e2f6b4e172338bddf184d6dbee29c98853e0a0485ecee7f27b9af0b4","timestamp":"2024-01-05T08:11:01.199Z"}
{"data":"Hello World","hash":"61be55a8e2f6b4e172338bddf184d6dbee29c98853e0a0485ecee7f27b9af0b4","timestamp":"2024-01-05T08:12:10.056Z"}
{"data":"Hello World","hash":"61be55a8e2f6b4e172338bddf184d6dbee29c98853e0a0485ecee7f27b9af0b4","timestamp":"2024-01-05T08:14:11.371Z"}
{"data":"aaaa","hash":"61be55a8e2f6b4e172338bddf184d6dbee29c98853e0a0485ecee7f27b9af0b4","timestamp":"2024-01-05T08:14:26.955Z"}
{"data":"aaaa","hash":"61be55a8e2f6b4e172338bddf184d6dbee29c98853e0a0485ecee7f27b9af0b4","timestamp":"2024-01-05T08:14:32.154Z"}
{"data":"aaaa","hash":"e87acb669206a6df84cdc17802bcd1c40ac4a6409cdf20e68269f7edbb8fb2c1","timestamp":"2024-01-05T08:14:34.905Z"}
{"data":"aaaaqqqq","hash":"e87acb669206a6df84cdc17802bcd1c40ac4a6409cdf20e68269f7edbb8fb2c1","timestamp":"2024-01-05T08:15:04.684Z"}
{"data":"aaaaqqqq","hash":"1bcb2d4dae7528a2d6e6ae25b94c748f13a2602bd4b649cf243615744be37191","timestamp":"2024-01-05T08:15:12.083Z"}
{"data":"aaaaqqqqqwer","hash":"1bcb2d4dae7528a2d6e6ae25b94c748f13a2602bd4b649cf243615744be37191","timestamp":"2024-01-05T08:15:23.009Z"}
{"data":"Hello World","hash":"961b6dd3ede3cb8ecbaacbd68de040cd78eb2ed5889130cceb4c49268ea4d506","timestamp":"2024-01-05T08:16:38.450Z"}
{"data":"aa","hash":"ebccff40084085ebe72367c5d09afb62ad83a56989f952a94dc0820ae6b15702","timestamp":"2024-01-05T08:16:56.661Z"}
{"data":"aaqwe","hash":"ebccff40084085ebe72367c5d09afb62ad83a56989f952a94dc0820ae6b15702","timestamp":"2024-01-05T08:17:11.642Z"}
{"data":"Hello World","hash":"ebccff40084085ebe72367c5d09afb62ad83a56989f952a94dc0820ae6b15702","timestamp":"2024-01-05T08:17:55.127Z"}
{"data":"Hello World","hash":"ebccff40084085ebe72367c5d09afb62ad83a56989f952a94dc0820ae6b15702","timestamp":"2024-01-05T08:21:28.101Z"}
{"data":"aaqwe","hash":"c7be98ae2e5422d040efaf4e46c0d16666ac1ae486dc29e2ebe6a5ac13e608bb","timestamp":"2024-01-05T08:21:30.798Z"}
{"data":"Hello World","hash":"c7be98ae2e5422d040efaf4e46c0d16666ac1ae486dc29e2ebe6a5ac13e608bb","timestamp":"2024-01-05T08:23:27.915Z"}
{"data":"aaqwewertt","hash":"ded8a685f4f7add5c8561640728726d119ffa4e061a37d2f52cfb038a7d86a8b","timestamp":"2024-01-05T08:23:37.719Z"}
